\BOOKMARK [1][-]{section*.1}{\376\377\000I\000n\000t\000r\000o\000d\000u\000c\000c\000i\000\363\000n}{}% 1
\BOOKMARK [1][-]{section*.2}{\376\377\000C\000o\000m\000p\000r\000e\000n\000s\000i\000\363\000n\000\040\000d\000e\000l\000\040\000p\000r\000o\000b\000l\000e\000m\000a}{}% 2
\BOOKMARK [2][-]{subsection*.3}{\376\377\000P\000r\000o\000b\000l\000e\000m\000a\000\040\000a\000b\000o\000r\000d\000a\000d\000o}{section*.2}% 3
\BOOKMARK [2][-]{subsection*.4}{\376\377\000D\000e\000c\000i\000s\000i\000\363\000n\000\040\000q\000u\000e\000\040\000s\000e\000\040\000p\000u\000e\000d\000e\000\040\000a\000p\000o\000y\000a\000r}{section*.2}% 4
\BOOKMARK [2][-]{subsection*.5}{\376\377\000U\000s\000u\000a\000r\000i\000o\000s\000\040\000d\000e\000l\000\040\000a\000n\000\341\000l\000i\000s\000i\000s}{section*.2}% 5
\BOOKMARK [2][-]{subsection*.6}{\376\377\000I\000m\000p\000o\000r\000t\000a\000n\000c\000i\000a}{section*.2}% 6
\BOOKMARK [2][-]{subsection*.7}{\376\377\000P\000r\000e\000g\000u\000n\000t\000a\000s\000\040\000g\000u\000\355\000a}{section*.2}% 7
\BOOKMARK [1][-]{section*.8}{\376\377\000C\000o\000m\000p\000r\000e\000n\000s\000i\000\363\000n\000\040\000d\000e\000\040\000l\000o\000s\000\040\000d\000a\000t\000o\000s}{}% 8
\BOOKMARK [2][-]{subsection*.9}{\376\377\000F\000u\000e\000n\000t\000e}{section*.8}% 9
\BOOKMARK [2][-]{subsection*.10}{\376\377\000D\000e\000s\000c\000r\000i\000p\000c\000i\000\363\000n}{section*.8}% 10
\BOOKMARK [2][-]{subsection*.11}{\376\377\000V\000a\000r\000i\000a\000b\000l\000e\000s\000\040\000d\000e\000l\000\040\000d\000a\000t\000a\000s\000e\000t}{section*.8}% 11
\BOOKMARK [2][-]{subsection*.12}{\376\377\000T\000i\000p\000o\000s\000\040\000d\000e\000\040\000v\000a\000r\000i\000a\000b\000l\000e\000s\000,\000\040\000f\000a\000l\000t\000a\000n\000t\000e\000s\000\040\000y\000\040\000t\000a\000m\000a\000\361\000o}{section*.8}% 12
\BOOKMARK [2][-]{subsection*.13}{\376\377\000P\000r\000e\000g\000u\000n\000t\000a\000s\000\040\000g\000u\000\355\000a}{section*.8}% 13
\BOOKMARK [1][-]{section*.14}{\376\377\000L\000i\000m\000p\000i\000e\000z\000a\000\040\000y\000\040\000p\000r\000e\000p\000a\000r\000a\000c\000i\000\363\000n}{}% 14
\BOOKMARK [2][-]{subsection*.15}{\376\377\000C\000\363\000d\000i\000g\000o\000\040\000a\000p\000l\000i\000c\000a\000d\000o}{section*.14}% 15
\BOOKMARK [2][-]{subsection*.16}{\376\377\000J\000u\000s\000t\000i\000f\000i\000c\000a\000c\000i\000\363\000n\000\040\000d\000e\000\040\000c\000a\000d\000a\000\040\000d\000e\000c\000i\000s\000i\000\363\000n}{section*.14}% 16
\BOOKMARK [2][-]{subsection*.17}{\376\377\000P\000r\000e\000g\000u\000n\000t\000a\000s\000\040\000g\000u\000\355\000a}{section*.14}% 17
\BOOKMARK [1][-]{section*.18}{\376\377\000A\000n\000\341\000l\000i\000s\000i\000s\000\040\000E\000x\000p\000l\000o\000r\000a\000t\000o\000r\000i\000o\000\040\000d\000e\000\040\000D\000a\000t\000o\000s\000\040\000\050\000E\000D\000A\000\051}{}% 18
\BOOKMARK [2][-]{subsection*.19}{\376\377\000A\000n\000\341\000l\000i\000s\000i\000s\000\040\000u\000n\000i\000v\000a\000r\000i\000a\000d\000o}{section*.18}% 19
\BOOKMARK [2][-]{subsection*.20}{\376\377\000R\000e\000l\000a\000c\000i\000o\000n\000e\000s\000\040\000b\000i\000v\000a\000r\000i\000a\000d\000a\000s}{section*.18}% 20
\BOOKMARK [2][-]{subsection*.21}{\376\377\000M\000a\000t\000r\000i\000z\000\040\000d\000e\000\040\000c\000o\000r\000r\000e\000l\000a\000c\000i\000\363\000n}{section*.18}% 21
\BOOKMARK [2][-]{subsection*.22}{\376\377\000A\000n\000\341\000l\000i\000s\000i\000s\000\040\000m\000u\000l\000t\000i\000v\000a\000r\000i\000a\000d\000o}{section*.18}% 22
\BOOKMARK [2][-]{subsection*.23}{\376\377\000C\000o\000n\000c\000l\000u\000s\000i\000\363\000n\000\040\000d\000e\000l\000\040\000E\000D\000A}{section*.18}% 23
